<?xml version="1.0" encoding="UTF-8"?>
<!-- Generated by org.testng.reporters.JUnitXMLReporter -->
<testsuite ignored="0" hostname="LAPTOP-SK4BPO9M" failures="0" tests="10" name="Default test" time="90.279" errors="0" timestamp="2022-07-29T09:41:41 IST">
  <testcase classname="Runner.logintied" name="loginApp" time="2.744"/>
  <testcase classname="Runner.logintied" name="livechatoo" time="12.395"/>
  <testcase classname="Runner.logintied" name="contactus" time="10.581"/>
  <testcase classname="Runner.logintied" name="searchapp" time="10.282"/>
  <testcase classname="Runner.logintied" name="products" time="12.486"/>
  <testcase classname="Runner.logintied" name="couponsandrewards" time="5.695"/>
  <testcase classname="Runner.logintied" name="Learnmoreee" time="15.648"/>
  <testcase classname="Runner.logintied" name="Facebookkkk" time="6.028"/>
  <testcase classname="Runner.logintied" name="shoptext" time="3.068"/>
  <testcase classname="Runner.logintied" name="privacy" time="3.47"/>
</testsuite> <!-- Default test -->
